0 info it worked if it ends with ok
1 verbose cli [ 'node',
1 verbose cli   '/usr/local/bin/npm',
1 verbose cli   'install',
1 verbose cli   'karma-unit',
1 verbose cli   '--save-dev' ]
2 info using npm@1.4.28
3 info using node@v0.10.33
4 warn package.json yeoman@0.0.0 No description
5 warn package.json yeoman@0.0.0 No repository field.
6 warn package.json yeoman@0.0.0 No README data
7 warn package.json karma-phantomjs-launcher@0.1.4 No README data
8 verbose readDependencies using package.json deps
9 verbose cache add [ 'karma-unit', null ]
10 verbose cache add name=undefined spec="karma-unit" args=["karma-unit",null]
11 verbose parsed url { protocol: null,
11 verbose parsed url   slashes: null,
11 verbose parsed url   auth: null,
11 verbose parsed url   host: null,
11 verbose parsed url   port: null,
11 verbose parsed url   hostname: null,
11 verbose parsed url   hash: null,
11 verbose parsed url   search: null,
11 verbose parsed url   query: null,
11 verbose parsed url   pathname: 'karma-unit',
11 verbose parsed url   path: 'karma-unit',
11 verbose parsed url   href: 'karma-unit' }
12 silly lockFile 60e70157-karma-unit karma-unit
13 verbose lock karma-unit /Users/wilmer/.npm/60e70157-karma-unit.lock
14 silly lockFile 60e70157-karma-unit karma-unit
15 silly lockFile 60e70157-karma-unit karma-unit
16 verbose addNamed [ 'karma-unit', '' ]
17 verbose addNamed [ null, '*' ]
18 silly lockFile a3a4ad1d-karma-unit karma-unit@
19 verbose lock karma-unit@ /Users/wilmer/.npm/a3a4ad1d-karma-unit.lock
20 silly addNameRange { name: 'karma-unit', range: '*', hasData: false }
21 verbose request where is /karma-unit
22 verbose request registry https://registry.npmjs.org/
23 verbose request id 558120c555d3c189
24 verbose url raw /karma-unit
25 verbose url resolving [ 'https://registry.npmjs.org/', './karma-unit' ]
26 verbose url resolved https://registry.npmjs.org/karma-unit
27 verbose request where is https://registry.npmjs.org/karma-unit
28 info trying registry request attempt 1 at 23:50:33
29 http GET https://registry.npmjs.org/karma-unit
30 http 404 https://registry.npmjs.org/karma-unit
31 verbose headers { date: 'Tue, 16 Dec 2014 22:50:35 GMT',
31 verbose headers   server: 'CouchDB/1.5.0 (Erlang OTP/R16B03)',
31 verbose headers   'content-type': 'application/json',
31 verbose headers   'cache-control': 'max-age=0',
31 verbose headers   'content-length': '52',
31 verbose headers   'accept-ranges': 'bytes',
31 verbose headers   via: '1.1 varnish',
31 verbose headers   age: '0',
31 verbose headers   'x-served-by': 'cache-ams4128-AMS',
31 verbose headers   'x-cache': 'MISS',
31 verbose headers   'x-cache-hits': '0',
31 verbose headers   'x-timer': 'S1418770234.587421,VS0,VE640',
31 verbose headers   'keep-alive': 'timeout=10, max=50',
31 verbose headers   connection: 'Keep-Alive' }
32 silly registry.get cb [ 404,
32 silly registry.get   { date: 'Tue, 16 Dec 2014 22:50:35 GMT',
32 silly registry.get     server: 'CouchDB/1.5.0 (Erlang OTP/R16B03)',
32 silly registry.get     'content-type': 'application/json',
32 silly registry.get     'cache-control': 'max-age=0',
32 silly registry.get     'content-length': '52',
32 silly registry.get     'accept-ranges': 'bytes',
32 silly registry.get     via: '1.1 varnish',
32 silly registry.get     age: '0',
32 silly registry.get     'x-served-by': 'cache-ams4128-AMS',
32 silly registry.get     'x-cache': 'MISS',
32 silly registry.get     'x-cache-hits': '0',
32 silly registry.get     'x-timer': 'S1418770234.587421,VS0,VE640',
32 silly registry.get     'keep-alive': 'timeout=10, max=50',
32 silly registry.get     connection: 'Keep-Alive' } ]
33 silly lockFile a3a4ad1d-karma-unit karma-unit@
34 silly lockFile a3a4ad1d-karma-unit karma-unit@
35 error 404 404 Not Found: karma-unit
35 error 404
35 error 404 'karma-unit' is not in the npm registry.
35 error 404 You should bug the author to publish it
35 error 404 It was specified as a dependency of 'yeoman'
35 error 404
35 error 404 Note that you can also install from a
35 error 404 tarball, folder, or http url, or git url.
36 error System Darwin 14.0.0
37 error command "node" "/usr/local/bin/npm" "install" "karma-unit" "--save-dev"
38 error cwd /Volumes/DATA/Dropbox/Projects/yeoman
39 error node -v v0.10.33
40 error npm -v 1.4.28
41 error code E404
42 verbose exit [ 1, true ]
